# JRE version: Java(TM) SE Runtime Environment (26.0.2+10) (build 26.0.2+10-55)
# Java VM: Java HotSpot(TM) 64-Bit Server VM (26.0.2+10-55, mixed mode, sharing, tiered, compressed oops, compressed class ptrs, g1 gc, windows-amd64)
GC Precious Log:
 CardTable entry size: 512
 Card Set container configuration: InlinePtr #cards 5 size 8 Array Of Cards #cards 10 size 36 Howl #buckets 4 coarsen threshold 1843 Howl Bitmap #cards 512 size 80 coarsen threshold 460 Card regions per heap region 1 cards per card region 2048
 CPUs: 16 total, 16 available
 Memory: 7561M
 Large Page Support: Disabled
 NUMA Support: Disabled
 Compressed Oops: Enabled (32-bit)
 Heap Region Size: 1M
 Heap Min Capacity: 8M
 Heap Initial Capacity: 8M
 Heap Max Capacity: 1892M
 Pre-touch: Disabled
 Parallel Workers: 13
 Concurrent Workers: 3
 Concurrent Refinement Workers: 13
 Periodic GC: Disabled
Heap:
 garbage-first heap   total reserved 1937408K, committed 10240K, used 4368K [0x0000000089c00000, 0x0000000100000000)
  region size 1M, 4 eden (4M), 0 survivor (0M), 3 old (3M), 0 humongous (0M), 3 free (3M)
GC Heap Usage History (20 events):
Event: 120.989 {heap Before GC invocations=240 (full 0):
 garbage-first heap   total reserved 1937408K, committed 10240K, used 5392K [0x0000000089c00000, 0x0000000100000000)
  region size 1M, 4 eden (4M), 0 survivor (0M), 3 old (3M), 0 humongous (0M), 3 free (3M)
}
Event: 120.989 {heap After GC invocations=241 (full 0):
 garbage-first heap   total reserved 1937408K, committed 10240K, used 1296K [0x0000000089c00000, 0x0000000100000000)
  region size 1M, 0 eden (0M), 0 survivor (0M), 3 old (3M), 0 humongous (0M), 7 free (7M)
}
Event: 126.150 {heap Before GC invocations=241 (full 0):
 garbage-first heap   total reserved 1937408K, committed 10240K, used 5392K [0x0000000089c00000, 0x0000000100000000)
  region size 1M, 4 eden (4M), 0 survivor (0M), 3 old (3M), 0 humongous (0M), 3 free (3M)
}
Event: 126.150 {heap After GC invocations=242 (full 0):
 garbage-first heap   total reserved 1937408K, committed 10240K, used 1296K [0x0000000089c00000, 0x0000000100000000)
  region size 1M, 0 eden (0M), 0 survivor (0M), 3 old (3M), 0 humongous (0M), 7 free (7M)
}
Event: 126.286 {heap Before GC invocations=242 (full 0):
 garbage-first heap   total reserved 1937408K, committed 10240K, used 5392K [0x0000000089c00000, 0x0000000100000000)
  region size 1M, 4 eden (4M), 0 survivor (0M), 3 old (3M), 0 humongous (0M), 3 free (3M)
}
Event: 126.287 {heap After GC invocations=243 (full 0):
 garbage-first heap   total reserved 1937408K, committed 10240K, used 1296K [0x0000000089c00000, 0x0000000100000000)
  region size 1M, 0 eden (0M), 0 survivor (0M), 3 old (3M), 0 humongous (0M), 7 free (7M)
}
Event: 126.414 {heap Before GC invocations=243 (full 0):
 garbage-first heap   total reserved 1937408K, committed 10240K, used 5392K [0x0000000089c00000, 0x0000000100000000)
  region size 1M, 4 eden (4M), 0 survivor (0M), 3 old (3M), 0 humongous (0M), 3 free (3M)
}
Event: 126.414 {heap After GC invocations=244 (full 0):
 garbage-first heap   total reserved 1937408K, committed 10240K, used 1296K [0x0000000089c00000, 0x0000000100000000)
  region size 1M, 0 eden (0M), 0 survivor (0M), 3 old (3M), 0 humongous (0M), 7 free (7M)
}
Event: 127.539 {heap Before GC invocations=244 (full 0):
 garbage-first heap   total reserved 1937408K, committed 10240K, used 5392K [0x0000000089c00000, 0x0000000100000000)
  region size 1M, 4 eden (4M), 0 survivor (0M), 3 old (3M), 0 humongous (0M), 3 free (3M)
}
Event: 127.540 {heap After GC invocations=245 (full 0):
 garbage-first heap   total reserved 1937408K, committed 10240K, used 1296K [0x0000000089c00000, 0x0000000100000000)
  region size 1M, 0 eden (0M), 0 survivor (0M), 3 old (3M), 0 humongous (0M), 7 free (7M)
}
Event: 132.676 {heap Before GC invocations=245 (full 0):
 garbage-first heap   total reserved 1937408K, committed 10240K, used 5392K [0x0000000089c00000, 0x0000000100000000)
  region size 1M, 4 eden (4M), 0 survivor (0M), 3 old (3M), 0 humongous (0M), 3 free (3M)
}
Event: 132.676 {heap After GC invocations=246 (full 0):
 garbage-first heap   total reserved 1937408K, committed 10240K, used 1296K [0x0000000089c00000, 0x0000000100000000)
  region size 1M, 0 eden (0M), 0 survivor (0M), 3 old (3M), 0 humongous (0M), 7 free (7M)
}
Event: 136.811 {heap Before GC invocations=246 (full 0):
 garbage-first heap   total reserved 1937408K, committed 10240K, used 5392K [0x0000000089c00000, 0x0000000100000000)
  region size 1M, 4 eden (4M), 0 survivor (0M), 3 old (3M), 0 humongous (0M), 3 free (3M)
}
Event: 136.811 {heap After GC invocations=247 (full 0):
 garbage-first heap   total reserved 1937408K, committed 10240K, used 1296K [0x0000000089c00000, 0x0000000100000000)
  region size 1M, 0 eden (0M), 0 survivor (0M), 3 old (3M), 0 humongous (0M), 7 free (7M)
}
Event: 137.929 {heap Before GC invocations=247 (full 0):
 garbage-first heap   total reserved 1937408K, committed 10240K, used 5392K [0x0000000089c00000, 0x0000000100000000)
  region size 1M, 4 eden (4M), 0 survivor (0M), 3 old (3M), 0 humongous (0M), 3 free (3M)
}
Event: 137.929 {heap After GC invocations=248 (full 0):
 garbage-first heap   total reserved 1937408K, committed 10240K, used 1296K [0x0000000089c00000, 0x0000000100000000)
  region size 1M, 0 eden (0M), 0 survivor (0M), 3 old (3M), 0 humongous (0M), 7 free (7M)
}
Event: 147.051 {heap Before GC invocations=248 (full 0):
 garbage-first heap   total reserved 1937408K, committed 10240K, used 5392K [0x0000000089c00000, 0x0000000100000000)
  region size 1M, 4 eden (4M), 0 survivor (0M), 3 old (3M), 0 humongous (0M), 3 free (3M)
}
Event: 147.051 {heap After GC invocations=249 (full 0):
 garbage-first heap   total reserved 1937408K, committed 10240K, used 1296K [0x0000000089c00000, 0x0000000100000000)
  region size 1M, 0 eden (0M), 0 survivor (0M), 3 old (3M), 0 humongous (0M), 7 free (7M)
}
Event: 160.303 {heap Before GC invocations=249 (full 0):
 garbage-first heap   total reserved 1937408K, committed 10240K, used 5392K [0x0000000089c00000, 0x0000000100000000)
  region size 1M, 4 eden (4M), 0 survivor (0M), 3 old (3M), 0 humongous (0M), 3 free (3M)
}
Event: 160.303 {heap After GC invocations=250 (full 0):
 garbage-first heap   total reserved 1937408K, committed 10240K, used 1296K [0x0000000089c00000, 0x0000000100000000)
  region size 1M, 0 eden (0M), 0 survivor (0M), 3 old (3M), 0 humongous (0M), 7 free (7M)
}

